<?xml version="1.0" encoding="UTF-8"?>
<!-- Generated by org.testng.reporters.JUnitReportReporter -->
<testsuite skipped="0" hostname="HJNZL001997" name="homepage.Language" tests="1" failures="0" timestamp="01 Dec 2021 10:06:36 GMT" time="2.165" errors="0">
  <testcase name="f" time="2.165" classname="homepage.Language"/>
</testsuite> <!-- homepage.Language -->
