<?xml version="1.0" encoding="UTF-8"?>
<!-- Generated by org.testng.reporters.JUnitReportReporter -->
<testsuite skipped="0" hostname="HJNZL001997" name="testcases.SigninTest" tests="22" failures="0" timestamp="17 Dec 2021 08:47:22 GMT" time="27.808" errors="0">
  <testcase name="TC6_verifyEnterfunctionality" time="0.199" classname="testcases.SigninTest"/>
  <testcase name="TC7_verifyTheRegisterButton" time="0.262" classname="testcases.SigninTest"/>
  <testcase name="TC4_verifyTabFunctionality" time="0.167" classname="testcases.SigninTest"/>
  <testcase name="TC5_verifySigninWithValidData" time="0.991" classname="testcases.SigninTest"/>
  <testcase name="TC7_verifyTheRegisterButton" time="1.256" classname="testcases.SigninTest"/>
  <testcase name="TC3_verifySigninPageLoadsWithoutData" time="1.120" classname="testcases.SigninTest"/>
  <testcase name="TC3_verifySigninPageLoadsWithoutData" time="0.507" classname="testcases.SigninTest"/>
  <testcase name="TC5_verifySigninWithValidData" time="0.295" classname="testcases.SigninTest"/>
  <testcase name="TC5_verifySigninWithValidData" time="0.269" classname="testcases.SigninTest"/>
  <testcase name="TC1_verifyAllFieldsPresent" time="3.109" classname="testcases.SigninTest"/>
  <testcase name="TC6_verifyEnterfunctionality" time="0.251" classname="testcases.SigninTest"/>
  <testcase name="TC6_verifyEnterfunctionality" time="0.482" classname="testcases.SigninTest"/>
  <testcase name="ddt" time="0.000" classname="testcases.SigninTest"/>
  <testcase name="TC2_verifyAllLabels" time="1.011" classname="testcases.SigninTest"/>
  <testcase name="ddt" time="0.000" classname="testcases.SigninTest"/>
  <testcase name="TC5_verifySigninWithValidData" time="1.186" classname="testcases.SigninTest"/>
  <testcase name="ddt" time="0.001" classname="testcases.SigninTest"/>
  <testcase name="ddt" time="0.001" classname="testcases.SigninTest"/>
  <testcase name="TC6_verifyEnterfunctionality" time="0.326" classname="testcases.SigninTest"/>
  <testcase name="TC2_verifyAllLabels" time="0.489" classname="testcases.SigninTest"/>
  <testcase name="TC4_verifyTabFunctionality" time="0.336" classname="testcases.SigninTest"/>
  <testcase name="TC1_verifyAllFieldsPresent" time="15.550" classname="testcases.SigninTest"/>
</testsuite> <!-- testcases.SigninTest -->
