<?xml version="1.0" encoding="UTF-8"?>
<!-- Generated by org.testng.reporters.JUnitReportReporter -->
<testsuite skipped="0" hostname="HJNZL001976" name="registration.RegistrationTest" tests="2" failures="0" timestamp="06 Dec 2021 14:11:23 GMT" time="9.560" errors="0">
  <testcase name="TC5_verifyTabFunctionality" time="8.349" classname="registration.RegistrationTest"/>
  <testcase name="TC6_registerWithoutData" time="1.211" classname="registration.RegistrationTest"/>
</testsuite> <!-- registration.RegistrationTest -->
