<?xml version="1.0" encoding="UTF-8"?>
<!-- Generated by org.testng.reporters.JUnitReportReporter -->
<testsuite skipped="0" hostname="HJNZL001997" name="testcases.HomeTest" tests="22" failures="0" timestamp="17 Dec 2021 08:47:22 GMT" time="32.391" errors="0">
  <testcase name="verifyCheckoutButton" time="1.397" classname="testcases.HomeTest"/>
  <testcase name="verifyProductsHyperLinks" time="5.211" classname="testcases.HomeTest"/>
  <testcase name="verifyTranslator" time="1.640" classname="testcases.HomeTest"/>
  <testcase name="verifyEmailAndPhone" time="0.274" classname="testcases.HomeTest"/>
  <testcase name="verifyMouseHoverEffect" time="0.718" classname="testcases.HomeTest"/>
  <testcase name="verifyMyAccountLinks" time="2.130" classname="testcases.HomeTest"/>
  <testcase name="verifyMyAccountLinks" time="0.823" classname="testcases.HomeTest"/>
  <testcase name="verifyAddToCartButton" time="6.049" classname="testcases.HomeTest"/>
  <testcase name="verifyPageLink" time="0.175" classname="testcases.HomeTest"/>
  <testcase name="verifylogout" time="1.210" classname="testcases.HomeTest"/>
  <testcase name="verifyRemoveFromCartButton" time="1.200" classname="testcases.HomeTest"/>
  <testcase name="verifyProductsHyperLinks" time="2.328" classname="testcases.HomeTest"/>
  <testcase name="verifyDiscountedPriceAndColor" time="0.385" classname="testcases.HomeTest"/>
  <testcase name="verifyDiscountedPriceAndColor" time="0.197" classname="testcases.HomeTest"/>
  <testcase name="verifyMouseHoverEffect" time="1.340" classname="testcases.HomeTest"/>
  <testcase name="verifyAddToCartButton" time="1.658" classname="testcases.HomeTest"/>
  <testcase name="verifyRemoveFromCartButton" time="0.564" classname="testcases.HomeTest"/>
  <testcase name="verifyEmailAndPhone" time="0.776" classname="testcases.HomeTest"/>
  <testcase name="verifyCheckoutButton" time="0.582" classname="testcases.HomeTest"/>
  <testcase name="verifyPageLink" time="0.672" classname="testcases.HomeTest"/>
  <testcase name="verifylogout" time="2.019" classname="testcases.HomeTest"/>
  <testcase name="verifyTranslator" time="1.043" classname="testcases.HomeTest"/>
</testsuite> <!-- testcases.HomeTest -->
