<?xml version="1.0" encoding="UTF-8"?>
<!-- Generated by org.testng.reporters.JUnitReportReporter -->
<testsuite skipped="0" hostname="HJNZL001997" name="testcases.sample" tests="1" failures="0" timestamp="15 Dec 2021 10:21:39 GMT" time="1.640" errors="0">
  <testcase name="TC1_verifyAllFieldsDuplicate" time="1.640" classname="testcases.sample"/>
</testsuite> <!-- testcases.sample -->
