<?xml version="1.0" encoding="UTF-8"?>
<!-- Generated by org.testng.reporters.JUnitReportReporter -->
<testsuite skipped="0" hostname="HJNZL001997" name="testcases.IndividualTest" tests="6" failures="0" timestamp="17 Dec 2021 08:47:22 GMT" time="9.408" errors="0">
  <testcase name="verifyCart" time="4.191" classname="testcases.IndividualTest"/>
  <testcase name="verifyCart" time="3.574" classname="testcases.IndividualTest"/>
  <testcase name="verifyOpenProductPage" time="0.826" classname="testcases.IndividualTest"/>
  <testcase name="verifyRating" time="0.141" classname="testcases.IndividualTest"/>
  <testcase name="verifyOpenProductPage" time="0.337" classname="testcases.IndividualTest"/>
  <testcase name="verifyRating" time="0.339" classname="testcases.IndividualTest"/>
</testsuite> <!-- testcases.IndividualTest -->
