<?xml version="1.0" encoding="UTF-8"?>
<!-- Generated by org.testng.reporters.JUnitReportReporter -->
<testsuite skipped="0" hostname="HJNZL001997" name="testcases.RegistrationTest" tests="9" failures="0" timestamp="17 Dec 2021 12:25:10 GMT" time="12.129" errors="0">
  <testcase name="TC14_verifyPasswordsMismatchError" time="2.976" classname="testcases.RegistrationTest"/>
  <testcase name="TC3_verifyAllLabels" time="1.109" classname="testcases.RegistrationTest"/>
  <testcase name="TC7_registrationWithValidData" time="1.652" classname="testcases.RegistrationTest"/>
  <testcase name="TC6_registerWithoutData" time="0.517" classname="testcases.RegistrationTest"/>
  <testcase name="TC1_verifyAllFieldsPresent" time="1.004" classname="testcases.RegistrationTest"/>
  <testcase name="TC4_verifyPageLoadsWithoutData" time="1.176" classname="testcases.RegistrationTest"/>
  <testcase name="TC5_verifyTabFunctionality" time="0.400" classname="testcases.RegistrationTest"/>
  <testcase name="TC7_registrationWithValidData" time="1.925" classname="testcases.RegistrationTest"/>
  <testcase name="TC8_verifyEnterFunctionality" time="1.370" classname="testcases.RegistrationTest"/>
</testsuite> <!-- testcases.RegistrationTest -->
