<?xml version="1.0" encoding="UTF-8"?>
<!-- Generated by org.testng.reporters.JUnitReportReporter -->
<testsuite skipped="0" hostname="HJNZL001997" name="testcases.CartTest" tests="10" failures="0" timestamp="17 Dec 2021 08:47:22 GMT" time="16.967" errors="0">
  <testcase name="TC1_modifyQuantity" time="5.096" classname="testcases.CartTest"/>
  <testcase name="TC1_modifyQuantity" time="6.570" classname="testcases.CartTest"/>
  <testcase name="TC2_checkRecalculateButton" time="0.245" classname="testcases.CartTest"/>
  <testcase name="TC2_checkRecalculateButton" time="0.953" classname="testcases.CartTest"/>
  <testcase name="TC3_checkContinueShopping" time="0.277" classname="testcases.CartTest"/>
  <testcase name="TC3_checkContinueShopping" time="0.781" classname="testcases.CartTest"/>
  <testcase name="TC4_orderConfirmCheckout" time="1.095" classname="testcases.CartTest"/>
  <testcase name="TC4_orderConfirmCheckout" time="0.654" classname="testcases.CartTest"/>
  <testcase name="TC5_cancelItem" time="0.779" classname="testcases.CartTest"/>
  <testcase name="TC5_cancelItem" time="0.517" classname="testcases.CartTest"/>
</testsuite> <!-- testcases.CartTest -->
